2012-05-10T16:26:07+02:00 CRIT (2): 
        Uri: /

        Module: core

        Controller: index

        Action: index

        Class: PDOException

        File: /home/khairul/MyProject/Farnio/library/Doctrine/DBAL/Connection.php

        Line: 577

        Message: SQLSTATE[42S02]: Base table or view not found: 1146 Table 'farnio.settings' doesn't exist

        Trace: #0 /home/khairul/MyProject/Farnio/library/Doctrine/DBAL/Connection.php(577): PDO->query('SELECT s0_.id A...')
#1 /home/khairul/MyProject/Farnio/library/Doctrine/ORM/Query/Exec/SingleSelectExecutor.php(46): Doctrine\DBAL\Connection->executeQuery('SELECT s0_.id A...', Array, Array)
#2 /home/khairul/MyProject/Farnio/library/Doctrine/ORM/Query.php(269): Doctrine\ORM\Query\Exec\SingleSelectExecutor->execute(Object(Doctrine\DBAL\Connection), Array, Array)
#3 /home/khairul/MyProject/Farnio/library/Doctrine/ORM/AbstractQuery.php(519): Doctrine\ORM\Query->_doExecute()
#4 /home/khairul/MyProject/Farnio/library/Doctrine/ORM/AbstractQuery.php(366): Doctrine\ORM\AbstractQuery->execute(Array, 1)
#5 /home/khairul/MyProject/Farnio/application/modules/core/models/dao/SettingDao.php(33): Doctrine\ORM\AbstractQuery->getResult()
#6 /home/khairul/MyProject/Farnio/application/modules/core/models/SettingManager.php(32): SettingDao->fetchBy(NULL)
#7 /home/khairul/MyProject/Farnio/library/Ziown/Controller/Action.php(87): SettingManager->getSettingsBy()
#8 /home/khairul/MyProject/Farnio/library/Ziown/Controller/Action.php(26): Ziown_Controller_Action->initApplicationSettings()
#9 /home/khairul/MyProject/Farnio/application/modules/core/controllers/IndexController.php(9): Ziown_Controller_Action->init()
#10 /home/khairul/MyProject/Farnio/library/Zend/Controller/Action.php(133): Core_IndexController->init()
#11 /home/khairul/MyProject/Farnio/library/Zend/Controller/Dispatcher/Standard.php(268): Zend_Controller_Action->__construct(Object(Zend_Controller_Request_Http), Object(Zend_Controller_Response_Http), Array)
#12 /home/khairul/MyProject/Farnio/library/Zend/Controller/Front.php(954): Zend_Controller_Dispatcher_Standard->dispatch(Object(Zend_Controller_Request_Http), Object(Zend_Controller_Response_Http))
#13 /home/khairul/MyProject/Farnio/library/Zend/Application/Bootstrap/Bootstrap.php(97): Zend_Controller_Front->dispatch()
#14 /home/khairul/MyProject/Farnio/library/Zend/Application.php(366): Zend_Application_Bootstrap_Bootstrap->run()
#15 /home/khairul/MyProject/Farnio/public/index.php(31): Zend_Application->run()
#16 {main}

2012-05-11T08:26:08+02:00 CRIT (2): 
        Uri: /favicon.ico

        Module: core

        Controller: favicon.ico

        Action: index

        Class: Zend_Controller_Dispatcher_Exception

        File: /home/khairul/MyProject/Farnio/library/Zend/Controller/Dispatcher/Standard.php

        Line: 248

        Message: Invalid controller specified (favicon.ico)

        Trace: #0 /home/khairul/MyProject/Farnio/library/Zend/Controller/Front.php(954): Zend_Controller_Dispatcher_Standard->dispatch(Object(Zend_Controller_Request_Http), Object(Zend_Controller_Response_Http))
#1 /home/khairul/MyProject/Farnio/library/Zend/Application/Bootstrap/Bootstrap.php(97): Zend_Controller_Front->dispatch()
#2 /home/khairul/MyProject/Farnio/library/Zend/Application.php(366): Zend_Application_Bootstrap_Bootstrap->run()
#3 /home/khairul/MyProject/Farnio/public/index.php(31): Zend_Application->run()
#4 {main}

